2022.11.09 21:59:29 INFO  tracing is disabled for protocol LSP, to enable tracing of incoming and outgoing JSON messages create an empty file at /home/ath/scala/.metals/lsp.trace.json or /home/ath/.cache/metals/lsp.trace.json[0m
2022.11.09 21:59:29 INFO  logging to file /home/ath/scala/.metals/metals.log[0m
2022.11.09 21:59:29 INFO  Started: Metals version 0.11.9 in workspace '/home/ath/scala' for client Visual Studio Code 1.73.0.[0m
2022.11.09 21:59:30 INFO  time: initialize in 0.91s[0m
2022.11.09 21:59:30 WARN  Build server is not auto-connectable.[0m
2022.11.09 21:59:30 WARN  no build tool detected in workspace '/home/ath/scala'. The most common cause for this problem is that the editor was opened in the wrong working directory, for example if you use sbt then the workspace directory should contain build.sbt. [0m
2022.11.09 21:59:30 WARN  no build target for: /home/ath/scala/helloInteractive/helloInteractive.scala[0m
2022.11.09 21:59:31 INFO  no build target found for /home/ath/scala/helloInteractive/helloInteractive.scala. Using presentation compiler with project's scala-library version: 3.2.0[0m
2022.11.09 21:59:46 WARN  no build target for: /home/ath/scala/helloInteractive/helloInteractive.scala[0m
2022.11.09 21:59:47 WARN  no build target for: /home/ath/scala/helloInteractive/helloInteractive.scala[0m
2022.11.17 21:54:48 INFO  tracing is disabled for protocol LSP, to enable tracing of incoming and outgoing JSON messages create an empty file at /home/ath/scala/.metals/lsp.trace.json or /home/ath/.cache/metals/lsp.trace.json[0m
2022.11.17 21:54:48 INFO  logging to file /home/ath/scala/.metals/metals.log[0m
2022.11.17 21:54:48 INFO  Started: Metals version 0.11.9 in workspace '/home/ath/scala' for client Visual Studio Code 1.73.1.[0m
2022.11.17 21:54:49 INFO  time: initialize in 0.93s[0m
2022.11.17 21:54:50 WARN  Build server is not auto-connectable.[0m
2022.11.17 21:54:50 WARN  no build tool detected in workspace '/home/ath/scala'. The most common cause for this problem is that the editor was opened in the wrong working directory, for example if you use sbt then the workspace directory should contain build.sbt. [0m
2022.11.17 21:54:50 WARN  no build target for: /home/ath/scala/helloInteractive/helloInteractive.scala[0m
2022.11.17 21:54:53 INFO  no build target found for /home/ath/scala/helloInteractive/helloInteractive.scala. Using presentation compiler with project's scala-library version: 3.2.0[0m
2022.11.17 21:54:54 INFO  time: code lens generation in 3.21s[0m
2022.11.17 22:12:22 INFO  [0m
2022.11.17 22:12:22 INFO  Template applied in /home/ath/scala/./scala3[0m
2022.11.17 22:12:22 INFO  [0m
2022.11.17 22:12:22 INFO  time: ran 'giter8.Giter8' in 1.61s[0m
Nov 17, 2022 10:13:03 PM org.eclipse.lsp4j.jsonrpc.RemoteEndpoint handleCancellation
WARNING: Unmatched cancel notification for request id 173
2022.11.17 22:13:08 INFO  no build target found for /home/ath/scala/scala3/src/main/scala/hello.worksheet.sc. Using presentation compiler with project's scala-library version: 3.2.0[0m
2022.11.17 22:13:08 INFO  time: evaluated worksheet 'hello.worksheet.sc' in 20s[0m
2022.11.17 22:13:08 INFO  time: evaluated worksheet 'hello.worksheet.sc' in 0.32s[0m
2022.11.17 22:13:09 INFO  time: evaluated worksheet 'hello.worksheet.sc' in 0.26s[0m
2022.11.17 22:13:21 INFO  time: evaluated worksheet 'hello.worksheet.sc' in 0.3s[0m
2022.11.17 22:14:49 INFO  time: evaluated worksheet 'hello.worksheet.sc' in 0.22s[0m
2022.11.17 22:14:49 INFO  time: evaluated worksheet 'hello.worksheet.sc' in 0.2s[0m
2022.11.17 22:14:51 INFO  time: evaluated worksheet 'hello.worksheet.sc' in 0.17s[0m
Nov 17, 2022 10:18:46 PM org.eclipse.lsp4j.jsonrpc.RemoteEndpoint handleCancellation
WARNING: Unmatched cancel notification for request id 296
